000 (729925.000.000) 2024-07-24 16:06:55 Job submitted from host: <172.30.1.200:9618?addrs=172.30.1.200-9618&alias=tamsa2.snu.ac.kr&noUDP&sock=schedd_3625_06e6>
...
040 (729925.000.000) 2024-07-24 16:07:03 Started transferring input files
	Transferring to host: <172.30.1.111:9618?addrs=172.30.1.111-9618&alias=n11&noUDP&sock=slot1_1_4249_8e06_8>
...
040 (729925.000.000) 2024-07-24 16:07:03 Finished transferring input files
...
001 (729925.000.000) 2024-07-24 16:07:04 Job executing on host: <172.30.1.111:9618?addrs=172.30.1.111-9618&alias=n11&noUDP&sock=startd_4213_5896>
...
006 (729925.000.000) 2024-07-24 16:07:13 Image size of job updated: 124948
	123  -  MemoryUsage of job (MB)
	124948  -  ResidentSetSize of job (KB)
...
006 (729925.000.000) 2024-07-24 16:09:35 Image size of job updated: 234564912
	123  -  MemoryUsage of job (MB)
	124948  -  ResidentSetSize of job (KB)
...
040 (729925.000.000) 2024-07-24 16:09:35 Started transferring output files
...
040 (729925.000.000) 2024-07-24 16:09:35 Finished transferring output files
...
005 (729925.000.000) 2024-07-24 16:09:35 Job terminated.
	(1) Normal termination (return value 1)
		Usr 0 00:21:32, Sys 0 00:01:31  -  Run Remote Usage
		Usr 0 00:00:00, Sys 0 00:00:00  -  Run Local Usage
		Usr 0 00:21:32, Sys 0 00:01:31  -  Total Remote Usage
		Usr 0 00:00:00, Sys 0 00:00:00  -  Total Local Usage
	4785  -  Run Bytes Sent By Job
	268  -  Run Bytes Received By Job
	4785  -  Total Bytes Sent By Job
	268  -  Total Bytes Received By Job
	Partitionable Resources :    Usage   Request Allocated Assigned
	   Cpus                 :                 20        20 
	   Disk (KB)            :       17 104857600 105011615 
	   Gpus (Average)       :                  1         1 "GPU-ebb73fb1"
	   Memory (MB)          :      123    102400    102400 

	Job terminated of its own accord at 2024-07-24T07:09:35Z.
...
