000 (729898.000.000) 2024-07-24 15:48:23 Job submitted from host: <172.30.1.200:9618?addrs=172.30.1.200-9618&alias=tamsa2.snu.ac.kr&noUDP&sock=schedd_3625_06e6>
...
040 (729898.000.000) 2024-07-24 15:48:38 Started transferring input files
	Transferring to host: <172.30.1.111:9618?addrs=172.30.1.111-9618&alias=n11&noUDP&sock=slot1_1_4249_8e06_4>
...
040 (729898.000.000) 2024-07-24 15:48:38 Finished transferring input files
...
001 (729898.000.000) 2024-07-24 15:48:39 Job executing on host: <172.30.1.111:9618?addrs=172.30.1.111-9618&alias=n11&noUDP&sock=startd_4213_5896>
...
006 (729898.000.000) 2024-07-24 15:48:51 Image size of job updated: 42516
	30  -  MemoryUsage of job (MB)
	29932  -  ResidentSetSize of job (KB)
...
006 (729898.000.000) 2024-07-24 15:53:21 Image size of job updated: 140206100
	30  -  MemoryUsage of job (MB)
	29932  -  ResidentSetSize of job (KB)
...
040 (729898.000.000) 2024-07-24 15:53:21 Started transferring output files
...
040 (729898.000.000) 2024-07-24 15:53:21 Finished transferring output files
...
005 (729898.000.000) 2024-07-24 15:53:21 Job terminated.
	(1) Normal termination (return value 1)
		Usr 0 00:20:05, Sys 0 00:01:15  -  Run Remote Usage
		Usr 0 00:00:00, Sys 0 00:00:00  -  Run Local Usage
		Usr 0 00:20:05, Sys 0 00:01:15  -  Total Remote Usage
		Usr 0 00:00:00, Sys 0 00:00:00  -  Total Local Usage
	1482  -  Run Bytes Sent By Job
	268  -  Run Bytes Received By Job
	1482  -  Total Bytes Sent By Job
	268  -  Total Bytes Received By Job
	Partitionable Resources :    Usage   Request Allocated Assigned
	   Cpus                 :     2.43        20        20 
	   Disk (KB)            :    20    104857600 105011615 
	   Gpus (Average)       :     0            1         1 "GPU-ebb73fb1"
	   GpusMemory (MB)      :   311                        
	   Memory (MB)          :    30       102400    102400 

	Job terminated of its own accord at 2024-07-24T06:53:21Z.
...
