000 (729923.000.000) 2024-07-24 16:01:22 Job submitted from host: <172.30.1.200:9618?addrs=172.30.1.200-9618&alias=tamsa2.snu.ac.kr&noUDP&sock=schedd_3625_06e6>
...
040 (729923.000.000) 2024-07-24 16:01:23 Started transferring input files
	Transferring to host: <172.30.1.111:9618?addrs=172.30.1.111-9618&alias=n11&noUDP&sock=slot1_1_4249_8e06_6>
...
040 (729923.000.000) 2024-07-24 16:01:23 Finished transferring input files
...
001 (729923.000.000) 2024-07-24 16:01:24 Job executing on host: <172.30.1.111:9618?addrs=172.30.1.111-9618&alias=n11&noUDP&sock=startd_4213_5896>
...
006 (729923.000.000) 2024-07-24 16:01:33 Image size of job updated: 129428
	127  -  MemoryUsage of job (MB)
	129428  -  ResidentSetSize of job (KB)
...
006 (729923.000.000) 2024-07-24 16:03:48 Image size of job updated: 238841036
	127  -  MemoryUsage of job (MB)
	129428  -  ResidentSetSize of job (KB)
...
040 (729923.000.000) 2024-07-24 16:03:48 Started transferring output files
...
040 (729923.000.000) 2024-07-24 16:03:48 Finished transferring output files
...
005 (729923.000.000) 2024-07-24 16:03:48 Job terminated.
	(1) Normal termination (return value 1)
		Usr 0 00:21:01, Sys 0 00:01:33  -  Run Remote Usage
		Usr 0 00:00:00, Sys 0 00:00:00  -  Run Local Usage
		Usr 0 00:21:01, Sys 0 00:01:33  -  Total Remote Usage
		Usr 0 00:00:00, Sys 0 00:00:00  -  Total Local Usage
	3078  -  Run Bytes Sent By Job
	274  -  Run Bytes Received By Job
	3078  -  Total Bytes Sent By Job
	274  -  Total Bytes Received By Job
	Partitionable Resources :    Usage   Request Allocated Assigned
	   Cpus                 :     0.41        20        20 
	   Disk (KB)            :    22    104857600 105011615 
	   Gpus (Average)       :     0            1         1 "GPU-ebb73fb1"
	   GpusMemory (MB)      :   311                        
	   Memory (MB)          :   127       102400    102400 

	Job terminated of its own accord at 2024-07-24T07:03:48Z.
...
