 Kolmo Prob  h1 = hSigTrain, sum bin content =83353  effective entries =83353
 Kolmo Prob  h2 = hSigTest, sum bin content =103806  effective entries =103806
 Kolmo Prob     = 0.000144747, Max Dist = 0.0101543
 Kolmo Prob     = 0.000000 with 1000 pseudo-experiments
 Kolmo Prob  h1 = hBkgTrain, sum bin content =83792  effective entries =83792
 Kolmo Prob  h2 = hBkgTest, sum bin content =105084  effective entries =105084
 Kolmo Prob     = 0.00121609, Max Dist = 0.00891197
 Kolmo Prob     = 0.002000 with 1000 pseudo-experiments
 Kolmo Prob  h1 = hSigTrain, sum bin content =83121  effective entries =83121
 Kolmo Prob  h2 = hSigTest, sum bin content =103528  effective entries =103528
 Kolmo Prob     = 0.000689896, Max Dist = 0.00929823
 Kolmo Prob     = 0.000000 with 1000 pseudo-experiments
 Kolmo Prob  h1 = hBkgTrain, sum bin content =83765  effective entries =83765
 Kolmo Prob  h2 = hBkgTest, sum bin content =105050  effective entries =105050
 Kolmo Prob     = 1.64179e-06, Max Dist = 0.0122613
 Kolmo Prob     = 0.000000 with 1000 pseudo-experiments
 Kolmo Prob  h1 = hSigTrain, sum bin content =83708  effective entries =83708
 Kolmo Prob  h2 = hSigTest, sum bin content =104291  effective entries =104291
 Kolmo Prob     = 0.00555074, Max Dist = 0.00796163
 Kolmo Prob     = 0.001000 with 1000 pseudo-experiments
 Kolmo Prob  h1 = hBkgTrain, sum bin content =83803  effective entries =83803
 Kolmo Prob  h2 = hBkgTest, sum bin content =105109  effective entries =105109
 Kolmo Prob     = 0.00369665, Max Dist = 0.00821505
 Kolmo Prob     = 0.002000 with 1000 pseudo-experiments
 Kolmo Prob  h1 = hSigTrain, sum bin content =79873  effective entries =79873
 Kolmo Prob  h2 = hSigTest, sum bin content =99436  effective entries =99436
 Kolmo Prob     = 0.00411032, Max Dist = 0.00835735
 Kolmo Prob     = 0.004000 with 1000 pseudo-experiments
 Kolmo Prob  h1 = hBkgTrain, sum bin content =83425  effective entries =83425
 Kolmo Prob  h2 = hBkgTest, sum bin content =104634  effective entries =104634
 Kolmo Prob     = 4.41181e-05, Max Dist = 0.0107468
 Kolmo Prob     = 0.000000 with 1000 pseudo-experiments
 Kolmo Prob  h1 = hSigTrain, sum bin content =82151  effective entries =82151
 Kolmo Prob  h2 = hSigTest, sum bin content =102247  effective entries =102247
 Kolmo Prob     = 0.00903867, Max Dist = 0.00769846
 Kolmo Prob     = 0.004000 with 1000 pseudo-experiments
 Kolmo Prob  h1 = hBkgTrain, sum bin content =83660  effective entries =83660
 Kolmo Prob  h2 = hBkgTest, sum bin content =104941  effective entries =104941
 Kolmo Prob     = 0.000713406, Max Dist = 0.00923416
 Kolmo Prob     = 0.001000 with 1000 pseudo-experiments
 Kolmo Prob  h1 = hSigTrain, sum bin content =84153  effective entries =84153
 Kolmo Prob  h2 = hSigTest, sum bin content =104821  effective entries =104821
 Kolmo Prob     = 0.022359, Max Dist = 0.00693789
 Kolmo Prob     = 0.016000 with 1000 pseudo-experiments
 Kolmo Prob  h1 = hBkgTrain, sum bin content =83833  effective entries =83833
 Kolmo Prob  h2 = hBkgTest, sum bin content =105154  effective entries =105154
 Kolmo Prob     = 0.00820042, Max Dist = 0.00767595
 Kolmo Prob     = 0.011000 with 1000 pseudo-experiments
 Kolmo Prob  h1 = hSigTrain, sum bin content =84016  effective entries =84016
 Kolmo Prob  h2 = hSigTest, sum bin content =104680  effective entries =104680
 Kolmo Prob     = 0.00959268, Max Dist = 0.00756868
 Kolmo Prob     = 0.005000 with 1000 pseudo-experiments
 Kolmo Prob  h1 = hBkgTrain, sum bin content =83825  effective entries =83825
 Kolmo Prob  h2 = hBkgTest, sum bin content =105141  effective entries =105141
 Kolmo Prob     = 0.0251896, Max Dist = 0.00684805
 Kolmo Prob     = 0.015000 with 1000 pseudo-experiments
 Kolmo Prob  h1 = hSigTrain, sum bin content =83297  effective entries =83297
 Kolmo Prob  h2 = hSigTest, sum bin content =103732  effective entries =103732
 Kolmo Prob     = 5.67598e-07, Max Dist = 0.0127731
 Kolmo Prob     = 0.000000 with 1000 pseudo-experiments
 Kolmo Prob  h1 = hBkgTrain, sum bin content =83764  effective entries =83764
 Kolmo Prob  h2 = hBkgTest, sum bin content =1@@@@ Start loading dataset...
{'nNodes': 116, 'optimizer': 'Adam', 'initLR': 0.0012412468819518, 'scheduler': 'CyclicLR', 'model': 'ParticleNet'}
{'nNodes': 120, 'optimizer': 'RMSprop', 'initLR': 0.0003204655422568, 'scheduler': 'ExponentialLR', 'model': 'ParticleNetV2'}
{'nNodes': 52, 'optimizer': 'Adam', 'initLR': 0.0008764919470693, 'scheduler': 'CyclicLR', 'model': 'ParticleNetV2'}
{'nNodes': 56, 'optimizer': 'RMSprop', 'initLR': 0.0005935236399473, 'scheduler': 'ExponentialLR', 'model': 'ParticleNetV2'}
{'nNodes': 52, 'optimizer': 'RMSprop', 'initLR': 0.00042041643641, 'scheduler': 'ExponentialLR', 'model': 'ParticleNet'}
{'nNodes': 32, 'optimizer': 'Adam', 'initLR': 0.001, 'scheduler': 'ExponentialLR', 'model': 'ParticleNetV2'}
{'nNodes': 36, 'optimizer': 'Adam', 'initLR': 0.0020703897436062, 'scheduler': 'ExponentialLR', 'model': 'ParticleNet'}
{'nNodes': 96, 'optimizer': 'Adam', 'initLR': 0.0002728402631229, 'scheduler': 'ExponentialLR', 'model': 'ParticleNetV2'}
{'nNodes': 120, 'optimizer': 'RMSprop', 'initLR': 0.0005798622095072, 'scheduler': 'CyclicLR', 'model': 'ParticleNetV2'}
{'nNodes': 116, 'optimizer': 'RMSprop', 'initLR': 0.0002300321570444, 'scheduler': 'CyclicLR', 'model': 'ParticleNetV2'}
@@@@ Filling trainset...
@@@@ Filling validset...
@@@@ Filling testset...
0 0.0 0.002
1 0.0 0.0
2 0.001 0.002
3 0.004 0.0
4 0.004 0.001
5 0.016 0.011
6 0.005 0.015
7 0.0 0.0
8 0.277 0.121
model-8 with testAUC = 0.771
9 0.006 0.026
best model: model-8 with test AUC 0.769
[evalModels] MHc-130_MA-90_vs_ttZ summary: MHc-130_MA-90, ttZ, 8, 120, RMSprop, 0.0005798622095072, CyclicLR, ParticleNetV2, 0.7724165380584254, 0.7712723863071036, 0.7708520557126821, 0.284, 0.123
@@@@ Visualizing...
05061  effective entries =105061
 Kolmo Prob     = 1.82305e-05, Max Dist = 0.0111583
 Kolmo Prob     = 0.000000 with 1000 pseudo-experiments
 Kolmo Prob  h1 = hSigTrain, sum bin content =84150  effective entries =84150
 Kolmo Prob  h2 = hSigTest, sum bin content =104802  effective entries =104802
 Kolmo Prob     = 0.289682, Max Dist = 0.0045459
 Kolmo Prob     = 0.277000 with 1000 pseudo-experiments
 Kolmo Prob  h1 = hBkgTrain, sum bin content =83834  effective entries =83834
 Kolmo Prob  h2 = hBkgTest, sum bin content =105155  effective entries =105155
 Kolmo Prob     = 0.150777, Max Dist = 0.00526357
 Kolmo Prob     = 0.121000 with 1000 pseudo-experiments
 Kolmo Prob  h1 = hSigTrain, sum bin content =82969  effective entries =82969
 Kolmo Prob  h2 = hSigTest, sum bin content =103296  effective entries =103296
 Kolmo Prob     = 0.0119445, Max Dist = 0.00745955
 Kolmo Prob     = 0.006000 with 1000 pseudo-experiments
 Kolmo Prob  h1 = hBkgTrain, sum bin content =83737  effective entries =83737
 Kolmo Prob  h2 = hBkgTest, sum bin content =105029  effective entries =105029
 Kolmo Prob     = 0.0395532, Max Dist = 0.00648868
 Kolmo Prob     = 0.026000 with 1000 pseudo-experiments
 Kolmo Prob  h1 = hSigTrain, sum bin content =84150  effective entries =84150
 Kolmo Prob  h2 = hSigTest, sum bin content =104802  effective entries =104802
 Kolmo Prob     = 0.289682, Max Dist = 0.0045459
 Kolmo Prob     = 0.284000 with 1000 pseudo-experiments
 Kolmo Prob  h1 = hBkgTrain, sum bin content =83834  effective entries =83834
 Kolmo Prob  h2 = hBkgTest, sum bin content =105155  effective entries =105155
 Kolmo Prob     = 0.150777, Max Dist = 0.00526357
 Kolmo Prob     = 0.123000 with 1000 pseudo-experiments
