 Kolmo Prob  h1 = hSigTrain, sum bin content =63598  effective entries =63598
 Kolmo Prob  h2 = hSigTest, sum bin content =79486  effective entries =79486
 Kolmo Prob     = 2.72973e-16, Max Dist = 0.0227374
 Kolmo Prob     = 0.000000 with 1000 pseudo-experiments
 Kolmo Prob  h1 = hBkgTrain, sum bin content =81950  effective entries =81950
 Kolmo Prob  h2 = hBkgTest, sum bin content =102719  effective entries =102719
 Kolmo Prob     = 1.43843e-15, Max Dist = 0.0195568
 Kolmo Prob     = 0.000000 with 1000 pseudo-experiments
 Kolmo Prob  h1 = hSigTrain, sum bin content =82062  effective entries =82062
 Kolmo Prob  h2 = hSigTest, sum bin content =102218  effective entries =102218
 Kolmo Prob     = 2.43984e-07, Max Dist = 0.0132237
 Kolmo Prob     = 0.000000 with 1000 pseudo-experiments
 Kolmo Prob  h1 = hBkgTrain, sum bin content =83684  effective entries =83684
 Kolmo Prob  h2 = hBkgTest, sum bin content =104974  effective entries =104974
 Kolmo Prob     = 4.28245e-06, Max Dist = 0.0118395
 Kolmo Prob     = 0.000000 with 1000 pseudo-experiments
 Kolmo Prob  h1 = hSigTrain, sum bin content =69332  effective entries =69332
 Kolmo Prob  h2 = hSigTest, sum bin content =86330  effective entries =86330
 Kolmo Prob     = 2.73607e-13, Max Dist = 0.0196256
 Kolmo Prob     = 0.000000 with 1000 pseudo-experiments
 Kolmo Prob  h1 = hBkgTrain, sum bin content =82545  effective entries =82545
 Kolmo Prob  h2 = hBkgTest, sum bin content =103500  effective entries =103500
 Kolmo Prob     = 2.26458e-11, Max Dist = 0.0165659
 Kolmo Prob     = 0.000000 with 1000 pseudo-experiments
 Kolmo Prob  h1 = hSigTrain, sum bin content =78578  effective entries =78578
 Kolmo Prob  h2 = hSigTest, sum bin content =97761  effective entries =97761
 Kolmo Prob     = 6.94334e-06, Max Dist = 0.0120118
 Kolmo Prob     = 0.000000 with 1000 pseudo-experiments
 Kolmo Prob  h1 = hBkgTrain, sum bin content =83331  effective entries =83331
 Kolmo Prob  h2 = hBkgTest, sum bin content =104581  effective entries =104581
 Kolmo Prob     = 2.26171e-07, Max Dist = 0.0131319
 Kolmo Prob     = 0.000000 with 1000 pseudo-experiments
 Kolmo Prob  h1 = hSigTrain, sum bin content =84165  effective entries =84165
 Kolmo Prob  h2 = hSigTest, sum bin content =104843  effective entries =104843
 Kolmo Prob     = 7.45402e-05, Max Dist = 0.0104504
 Kolmo Prob     = 0.000000 with 1000 pseudo-experiments
 Kolmo Prob  h1 = hBkgTrain, sum bin content =83835  effective entries =83835
 Kolmo Prob  h2 = hBkgTest, sum bin content =105157  effective entries =105157
 Kolmo Prob     = 0.00130276, Max Dist = 0.00886782
 Kolmo Prob     = 0.000000 with 1000 pseudo-experiments
 Kolmo Prob  h1 = hSigTrain, sum bin content =76001  effective entries =76001
 Kolmo Prob  h2 = hSigTest, sum bin content =94623  effective entries =94623
 Kolmo Prob     = 1.09099e-11, Max Dist = 0.0175403
 Kolmo Prob     = 0.000000 with 1000 pseudo-experiments
 Kolmo Prob  h1 = hBkgTrain, sum bin content =83241  effective entries =83241
 Kolmo Prob  h2 = hBkgTest, sum bin content =104384  effective entries =104384
 Kolmo Prob     = 9.77599e-13, Max Dist = 0.0174943
 Kolmo Prob     = 0.000000 with 1000 pseudo-experiments
 Kolmo Prob  h1 = hSigTrain, sum bin content =71392  effective entries =71392
 Kolmo Prob  h2 = hSigTest, sum bin content =88864  effective entries =88864
 Kolmo Prob     = 2.7952e-05, Max Dist = 0.011882
 Kolmo Prob     = 0.000000 with 1000 pseudo-experiments
 Kolmo Prob  h1 = hBkgTrain, sum bin content =82573  effective entries =82573
 Kolmo Prob  h2 = hBkgTest, sum bin content =103598  effective entries =103598
 Kolmo Prob     = 0.000121144, Max Dist = 0.01028
 Kolmo Prob     = 0.000000 with 1000 pseudo-experiments
 Kolmo Prob  h1 = hSigTrain, sum bin content =84165  effective entries =84165
 Kolmo Prob  h2 = hSigTest, sum bin content =104843  effective entries =104843
 Kolmo Prob     = 1.82462e-05, Max Dist = 0.0111482
 Kolmo Prob     = 0.000000 with 1000 pseudo-experiments
 Kolmo Prob  h1 = hBkgTrain, sum bin content =83835  effective entries =83835
 Kolmo Prob  h2 = hBkgTest, sum bin content =105157  effe@@@@ Start loading dataset...
{'nNodes': 128, 'optimizer': 'RMSprop', 'initLR': 0.0003378149986905, 'scheduler': 'ExponentialLR', 'model': 'ParticleNet'}
{'nNodes': 108, 'optimizer': 'RMSprop', 'initLR': 0.0001342562037759, 'scheduler': 'ReduceLROnPlateau', 'model': 'ParticleNet'}
{'nNodes': 120, 'optimizer': 'RMSprop', 'initLR': 0.0001250411489534, 'scheduler': 'ReduceLROnPlateau', 'model': 'ParticleNet'}
{'nNodes': 120, 'optimizer': 'RMSprop', 'initLR': 0.0001307850243173, 'scheduler': 'ExponentialLR', 'model': 'ParticleNet'}
{'nNodes': 80, 'optimizer': 'Adam', 'initLR': 0.000364220716814, 'scheduler': 'ReduceLROnPlateau', 'model': 'ParticleNetV2'}
{'nNodes': 128, 'optimizer': 'RMSprop', 'initLR': 0.0003022364833865, 'scheduler': 'ExponentialLR', 'model': 'ParticleNetV2'}
{'nNodes': 56, 'optimizer': 'RMSprop', 'initLR': 0.0002476844357005, 'scheduler': 'ExponentialLR', 'model': 'ParticleNet'}
{'nNodes': 120, 'optimizer': 'RMSprop', 'initLR': 0.000132047907428, 'scheduler': 'ExponentialLR', 'model': 'ParticleNet'}
{'nNodes': 120, 'optimizer': 'Adam', 'initLR': 0.0030112711332497, 'scheduler': 'ExponentialLR', 'model': 'ParticleNetV2'}
{'nNodes': 56, 'optimizer': 'Adam', 'initLR': 0.0010415216330182, 'scheduler': 'ExponentialLR', 'model': 'ParticleNet'}
@@@@ Filling trainset...
@@@@ Filling validset...
@@@@ Filling testset...
0 0.0 0.0
1 0.0 0.0
2 0.0 0.0
3 0.0 0.0
4 0.0 0.0
5 0.0 0.0
6 0.0 0.0
7 0.0 0.002
8 0.0 0.0
9 0.001 0.042
best model: model--1 with test AUC 0.000
ctive entries =105157
 Kolmo Prob     = 0.00198957, Max Dist = 0.00860811
 Kolmo Prob     = 0.002000 with 1000 pseudo-experiments
 Kolmo Prob  h1 = hSigTrain, sum bin content =84125  effective entries =84125
 Kolmo Prob  h2 = hSigTest, sum bin content =104790  effective entries =104790
 Kolmo Prob     = 1.64957e-06, Max Dist = 0.0122514
 Kolmo Prob     = 0.000000 with 1000 pseudo-experiments
 Kolmo Prob  h1 = hBkgTrain, sum bin content =83834  effective entries =83834
 Kolmo Prob  h2 = hBkgTest, sum bin content =105156  effective entries =105156
 Kolmo Prob     = 1.37627e-05, Max Dist = 0.0112878
 Kolmo Prob     = 0.000000 with 1000 pseudo-experiments
 Kolmo Prob  h1 = hSigTrain, sum bin content =84165  effective entries =84165
 Kolmo Prob  h2 = hSigTest, sum bin content =104843  effective entries =104843
 Kolmo Prob     = 0.000687221, Max Dist = 0.00924235
 Kolmo Prob     = 0.001000 with 1000 pseudo-experiments
 Kolmo Prob  h1 = hBkgTrain, sum bin content =83835  effective entries =83835
 Kolmo Prob  h2 = hBkgTest, sum bin content =105157  effective entries =105157
 Kolmo Prob     = 0.043246, Max Dist = 0.00641062
 Kolmo Prob     = 0.042000 with 1000 pseudo-experiments
