000 (723975.000.000) 2024-07-24 00:13:11 Job submitted from host: <172.30.1.200:9618?addrs=172.30.1.200-9618&alias=tamsa2.snu.ac.kr&noUDP&sock=schedd_3625_06e6>
...
040 (723975.000.000) 2024-07-24 00:13:12 Started transferring input files
	Transferring to host: <172.30.1.111:9618?addrs=172.30.1.111-9618&alias=n11&noUDP&sock=slot1_1_4271_0e47_74402>
...
040 (723975.000.000) 2024-07-24 00:13:12 Finished transferring input files
...
001 (723975.000.000) 2024-07-24 00:13:13 Job executing on host: <172.30.1.111:9618?addrs=172.30.1.111-9618&alias=n11&noUDP&sock=startd_4237_cedc>
...
006 (723975.000.000) 2024-07-24 00:13:21 Image size of job updated: 102412
	101  -  MemoryUsage of job (MB)
	102412  -  ResidentSetSize of job (KB)
...
006 (723975.000.000) 2024-07-24 00:18:21 Image size of job updated: 337201840
	92311  -  MemoryUsage of job (MB)
	94525596  -  ResidentSetSize of job (KB)
...
006 (723975.000.000) 2024-07-24 00:28:22 Image size of job updated: 337201840
	97951  -  MemoryUsage of job (MB)
	100301712  -  ResidentSetSize of job (KB)
...
040 (723975.000.000) 2024-07-24 00:34:54 Started transferring output files
...
040 (723975.000.000) 2024-07-24 00:34:54 Finished transferring output files
...
005 (723975.000.000) 2024-07-24 00:34:54 Job terminated.
	(1) Normal termination (return value 1)
		Usr 0 13:28:44, Sys 0 00:16:00  -  Run Remote Usage
		Usr 0 00:00:00, Sys 0 00:00:00  -  Run Local Usage
		Usr 0 13:28:44, Sys 0 00:16:00  -  Total Remote Usage
		Usr 0 00:00:00, Sys 0 00:00:00  -  Total Local Usage
	11198  -  Run Bytes Sent By Job
	268  -  Run Bytes Received By Job
	11198  -  Total Bytes Sent By Job
	268  -  Total Bytes Received By Job
	Partitionable Resources :    Usage   Request Allocated Assigned
	   Cpus                 :    46.01        20        20 
	   Disk (KB)            :    30    104857600 105011648 
	   Gpus (Average)       :     0.39         1         1 "GPU-ebb73fb1"
	   GpusMemory (MB)      : 24550                        
	   Memory (MB)          : 97951       102400    102400 

	Job terminated of its own accord at 2024-07-23T15:34:54Z.
...
